<?xml version="1.0" encoding="UTF-8"?>
<!-- Generated by org.testng.reporters.JUnitReportReporter -->
<testsuite hostname="DESKTOP-QNHJ5Q7" name="logExampleTestNG.NOPCommApp" tests="1" failures="0" timestamp="1 Aug 2023 06:34:21 GMT" time="18.825" errors="0">
  <testcase name="verifyLoginTest" time="18.825" classname="logExampleTestNG.NOPCommApp"/>
</testsuite> <!-- logExampleTestNG.NOPCommApp -->
